<?xml version="1.0" encoding="UTF-8"?>
<testng-results ignored="0" total="1" passed="1" failed="0" skipped="0">
  <reporter-output>
  </reporter-output>
  <suite started-at="2024-10-11T23:38:00 BST" name="Default suite" finished-at="2024-10-11T23:38:30 BST" duration-ms="29362">
    <groups>
    </groups>
    <test started-at="2024-10-11T23:38:00 BST" name="Default test" finished-at="2024-10-11T23:38:30 BST" duration-ms="29362">
      <class name="SeleniumFramework.SubmitOrder">
        <test-method signature="SubmitOrder()[pri:0, instance:SeleniumFramework.SubmitOrder@771a660]" started-at="2024-10-11T23:38:00 BST" name="SubmitOrder" finished-at="2024-10-11T23:38:30 BST" duration-ms="29333" status="PASS">
          <reporter-output>
          </reporter-output>
        </test-method> <!-- SubmitOrder -->
      </class> <!-- SeleniumFramework.SubmitOrder -->
    </test> <!-- Default test -->
  </suite> <!-- Default suite -->
</testng-results>
